D:\Freelance\Ventive\Code\CarsInventory\src\CarsInventory\scripts\app\viewmodels\car.js
D:\Freelance\Ventive\Code\CarsInventory\src\CarsInventory\scripts\app\viewmodels\car.js.map
D:\Freelance\Ventive\Code\CarsInventory\src\CarsInventory\scripts\app\viewmodels\user.js
D:\Freelance\Ventive\Code\CarsInventory\src\CarsInventory\scripts\app\viewmodels\user.js.map
D:\Freelance\Ventive\Code\CarsInventory\src\CarsInventory\scripts\app\services\app.service.js
D:\Freelance\Ventive\Code\CarsInventory\src\CarsInventory\scripts\app\services\app.service.js.map
D:\Freelance\Ventive\Code\CarsInventory\src\CarsInventory\scripts\app\app.component.js
D:\Freelance\Ventive\Code\CarsInventory\src\CarsInventory\scripts\app\app.component.js.map
D:\Freelance\Ventive\Code\CarsInventory\src\CarsInventory\scripts\app\components\search-filter.component.js
D:\Freelance\Ventive\Code\CarsInventory\src\CarsInventory\scripts\app\components\search-filter.component.js.map
D:\Freelance\Ventive\Code\CarsInventory\src\CarsInventory\scripts\app\components\car-list.component.js
D:\Freelance\Ventive\Code\CarsInventory\src\CarsInventory\scripts\app\components\car-list.component.js.map
D:\Freelance\Ventive\Code\CarsInventory\src\CarsInventory\scripts\app\components\car-add.component.js
D:\Freelance\Ventive\Code\CarsInventory\src\CarsInventory\scripts\app\components\car-add.component.js.map
D:\Freelance\Ventive\Code\CarsInventory\src\CarsInventory\scripts\app\components\car-edit.component.js
D:\Freelance\Ventive\Code\CarsInventory\src\CarsInventory\scripts\app\components\car-edit.component.js.map
D:\Freelance\Ventive\Code\CarsInventory\src\CarsInventory\scripts\app\components\login.component.js
D:\Freelance\Ventive\Code\CarsInventory\src\CarsInventory\scripts\app\components\login.component.js.map
D:\Freelance\Ventive\Code\CarsInventory\src\CarsInventory\scripts\app\components\registration.component.js
D:\Freelance\Ventive\Code\CarsInventory\src\CarsInventory\scripts\app\components\registration.component.js.map
D:\Freelance\Ventive\Code\CarsInventory\src\CarsInventory\scripts\app\app.routing.js
D:\Freelance\Ventive\Code\CarsInventory\src\CarsInventory\scripts\app\app.routing.js.map
D:\Freelance\Ventive\Code\CarsInventory\src\CarsInventory\scripts\app\app.module.js
D:\Freelance\Ventive\Code\CarsInventory\src\CarsInventory\scripts\app\app.module.js.map
D:\Freelance\Ventive\Code\CarsInventory\src\CarsInventory\scripts\app\boot.js
D:\Freelance\Ventive\Code\CarsInventory\src\CarsInventory\scripts\app\boot.js.map
D:\Freelance\Ventive\Code\CarsInventory\src\CarsInventory\wwwroot\js\ng2-search-filter\dist\src\ng2-filter.pipe.js
D:\Freelance\Ventive\Code\CarsInventory\src\CarsInventory\wwwroot\js\ng2-search-filter\dist\src\ng2-filter.pipe.js.map
D:\Freelance\Ventive\Code\CarsInventory\src\CarsInventory\wwwroot\js\ng2-search-filter\dist\src\ng2-filter.module.js
D:\Freelance\Ventive\Code\CarsInventory\src\CarsInventory\wwwroot\js\ng2-search-filter\dist\src\ng2-filter.module.js.map
D:\Freelance\Ventive\Code\CarsInventory\src\CarsInventory\wwwroot\js\ng2-search-filter\dist\index.js
D:\Freelance\Ventive\Code\CarsInventory\src\CarsInventory\wwwroot\js\ng2-search-filter\dist\index.js.map
D:\Freelance\Ventive\Code\CarsInventory\src\CarsInventory\scripts\app\viewmodels\car.js
D:\Freelance\Ventive\Code\CarsInventory\src\CarsInventory\scripts\app\viewmodels\car.js.map
D:\Freelance\Ventive\Code\CarsInventory\src\CarsInventory\scripts\app\viewmodels\user.js
D:\Freelance\Ventive\Code\CarsInventory\src\CarsInventory\scripts\app\viewmodels\user.js.map
D:\Freelance\Ventive\Code\CarsInventory\src\CarsInventory\scripts\app\services\app.service.js
D:\Freelance\Ventive\Code\CarsInventory\src\CarsInventory\scripts\app\services\app.service.js.map
D:\Freelance\Ventive\Code\CarsInventory\src\CarsInventory\scripts\app\app.component.js
D:\Freelance\Ventive\Code\CarsInventory\src\CarsInventory\scripts\app\app.component.js.map
D:\Freelance\Ventive\Code\CarsInventory\src\CarsInventory\scripts\app\components\search-filter.component.js
D:\Freelance\Ventive\Code\CarsInventory\src\CarsInventory\scripts\app\components\search-filter.component.js.map
D:\Freelance\Ventive\Code\CarsInventory\src\CarsInventory\scripts\app\components\car-list.component.js
D:\Freelance\Ventive\Code\CarsInventory\src\CarsInventory\scripts\app\components\car-list.component.js.map
D:\Freelance\Ventive\Code\CarsInventory\src\CarsInventory\scripts\app\components\car-add.component.js
D:\Freelance\Ventive\Code\CarsInventory\src\CarsInventory\scripts\app\components\car-add.component.js.map
D:\Freelance\Ventive\Code\CarsInventory\src\CarsInventory\scripts\app\components\car-edit.component.js
D:\Freelance\Ventive\Code\CarsInventory\src\CarsInventory\scripts\app\components\car-edit.component.js.map
D:\Freelance\Ventive\Code\CarsInventory\src\CarsInventory\scripts\app\components\login.component.js
D:\Freelance\Ventive\Code\CarsInventory\src\CarsInventory\scripts\app\components\login.component.js.map
D:\Freelance\Ventive\Code\CarsInventory\src\CarsInventory\scripts\app\components\registration.component.js
D:\Freelance\Ventive\Code\CarsInventory\src\CarsInventory\scripts\app\components\registration.component.js.map
D:\Freelance\Ventive\Code\CarsInventory\src\CarsInventory\scripts\app\app.routing.js
D:\Freelance\Ventive\Code\CarsInventory\src\CarsInventory\scripts\app\app.routing.js.map
D:\Freelance\Ventive\Code\CarsInventory\src\CarsInventory\scripts\app\app.module.js
D:\Freelance\Ventive\Code\CarsInventory\src\CarsInventory\scripts\app\app.module.js.map
D:\Freelance\Ventive\Code\CarsInventory\src\CarsInventory\scripts\app\boot.js
D:\Freelance\Ventive\Code\CarsInventory\src\CarsInventory\scripts\app\boot.js.map
D:\Freelance\Ventive\Code\CarsInventory\src\CarsInventory\wwwroot\js\ng2-search-filter\dist\src\ng2-filter.pipe.js
D:\Freelance\Ventive\Code\CarsInventory\src\CarsInventory\wwwroot\js\ng2-search-filter\dist\src\ng2-filter.pipe.js.map
D:\Freelance\Ventive\Code\CarsInventory\src\CarsInventory\wwwroot\js\ng2-search-filter\dist\src\ng2-filter.module.js
D:\Freelance\Ventive\Code\CarsInventory\src\CarsInventory\wwwroot\js\ng2-search-filter\dist\src\ng2-filter.module.js.map
D:\Freelance\Ventive\Code\CarsInventory\src\CarsInventory\wwwroot\js\ng2-search-filter\dist\index.js
D:\Freelance\Ventive\Code\CarsInventory\src\CarsInventory\wwwroot\js\ng2-search-filter\dist\index.js.map
D:\Freelance\Ventive\Code\CarsInventory\src\CarsInventory\scripts\app\viewmodels\car.js
D:\Freelance\Ventive\Code\CarsInventory\src\CarsInventory\scripts\app\viewmodels\car.js.map
D:\Freelance\Ventive\Code\CarsInventory\src\CarsInventory\scripts\app\viewmodels\user.js
D:\Freelance\Ventive\Code\CarsInventory\src\CarsInventory\scripts\app\viewmodels\user.js.map
D:\Freelance\Ventive\Code\CarsInventory\src\CarsInventory\scripts\app\services\app.service.js
D:\Freelance\Ventive\Code\CarsInventory\src\CarsInventory\scripts\app\services\app.service.js.map
D:\Freelance\Ventive\Code\CarsInventory\src\CarsInventory\scripts\app\app.component.js
D:\Freelance\Ventive\Code\CarsInventory\src\CarsInventory\scripts\app\app.component.js.map
D:\Freelance\Ventive\Code\CarsInventory\src\CarsInventory\scripts\app\components\search-filter.component.js
D:\Freelance\Ventive\Code\CarsInventory\src\CarsInventory\scripts\app\components\search-filter.component.js.map
D:\Freelance\Ventive\Code\CarsInventory\src\CarsInventory\scripts\app\components\car-list.component.js
D:\Freelance\Ventive\Code\CarsInventory\src\CarsInventory\scripts\app\components\car-list.component.js.map
D:\Freelance\Ventive\Code\CarsInventory\src\CarsInventory\scripts\app\components\car-add.component.js
D:\Freelance\Ventive\Code\CarsInventory\src\CarsInventory\scripts\app\components\car-add.component.js.map
D:\Freelance\Ventive\Code\CarsInventory\src\CarsInventory\scripts\app\components\car-edit.component.js
D:\Freelance\Ventive\Code\CarsInventory\src\CarsInventory\scripts\app\components\car-edit.component.js.map
D:\Freelance\Ventive\Code\CarsInventory\src\CarsInventory\scripts\app\components\login.component.js
D:\Freelance\Ventive\Code\CarsInventory\src\CarsInventory\scripts\app\components\login.component.js.map
D:\Freelance\Ventive\Code\CarsInventory\src\CarsInventory\scripts\app\components\registration.component.js
D:\Freelance\Ventive\Code\CarsInventory\src\CarsInventory\scripts\app\components\registration.component.js.map
D:\Freelance\Ventive\Code\CarsInventory\src\CarsInventory\scripts\app\app.routing.js
D:\Freelance\Ventive\Code\CarsInventory\src\CarsInventory\scripts\app\app.routing.js.map
D:\Freelance\Ventive\Code\CarsInventory\src\CarsInventory\scripts\app\app.module.js
D:\Freelance\Ventive\Code\CarsInventory\src\CarsInventory\scripts\app\app.module.js.map
D:\Freelance\Ventive\Code\CarsInventory\src\CarsInventory\scripts\app\boot.js
D:\Freelance\Ventive\Code\CarsInventory\src\CarsInventory\scripts\app\boot.js.map
D:\Freelance\Ventive\Code\CarsInventory\src\CarsInventory\wwwroot\js\ng2-search-filter\dist\src\ng2-filter.pipe.js
D:\Freelance\Ventive\Code\CarsInventory\src\CarsInventory\wwwroot\js\ng2-search-filter\dist\src\ng2-filter.pipe.js.map
D:\Freelance\Ventive\Code\CarsInventory\src\CarsInventory\wwwroot\js\ng2-search-filter\dist\src\ng2-filter.module.js
D:\Freelance\Ventive\Code\CarsInventory\src\CarsInventory\wwwroot\js\ng2-search-filter\dist\src\ng2-filter.module.js.map
D:\Freelance\Ventive\Code\CarsInventory\src\CarsInventory\wwwroot\js\ng2-search-filter\dist\index.js
D:\Freelance\Ventive\Code\CarsInventory\src\CarsInventory\wwwroot\js\ng2-search-filter\dist\index.js.map
D:\Freelance\Ventive\Code\CarsInventory\src\CarsInventory\scripts\app\viewmodels\car.js
D:\Freelance\Ventive\Code\CarsInventory\src\CarsInventory\scripts\app\viewmodels\car.js.map
D:\Freelance\Ventive\Code\CarsInventory\src\CarsInventory\scripts\app\viewmodels\user.js
D:\Freelance\Ventive\Code\CarsInventory\src\CarsInventory\scripts\app\viewmodels\user.js.map
D:\Freelance\Ventive\Code\CarsInventory\src\CarsInventory\scripts\app\services\app.service.js
D:\Freelance\Ventive\Code\CarsInventory\src\CarsInventory\scripts\app\services\app.service.js.map
D:\Freelance\Ventive\Code\CarsInventory\src\CarsInventory\scripts\app\app.component.js
D:\Freelance\Ventive\Code\CarsInventory\src\CarsInventory\scripts\app\app.component.js.map
D:\Freelance\Ventive\Code\CarsInventory\src\CarsInventory\scripts\app\components\search-filter.component.js
D:\Freelance\Ventive\Code\CarsInventory\src\CarsInventory\scripts\app\components\search-filter.component.js.map
D:\Freelance\Ventive\Code\CarsInventory\src\CarsInventory\scripts\app\components\car-list.component.js
D:\Freelance\Ventive\Code\CarsInventory\src\CarsInventory\scripts\app\components\car-list.component.js.map
D:\Freelance\Ventive\Code\CarsInventory\src\CarsInventory\scripts\app\components\car-add.component.js
D:\Freelance\Ventive\Code\CarsInventory\src\CarsInventory\scripts\app\components\car-add.component.js.map
D:\Freelance\Ventive\Code\CarsInventory\src\CarsInventory\scripts\app\components\car-edit.component.js
D:\Freelance\Ventive\Code\CarsInventory\src\CarsInventory\scripts\app\components\car-edit.component.js.map
D:\Freelance\Ventive\Code\CarsInventory\src\CarsInventory\scripts\app\components\login.component.js
D:\Freelance\Ventive\Code\CarsInventory\src\CarsInventory\scripts\app\components\login.component.js.map
D:\Freelance\Ventive\Code\CarsInventory\src\CarsInventory\scripts\app\components\registration.component.js
D:\Freelance\Ventive\Code\CarsInventory\src\CarsInventory\scripts\app\components\registration.component.js.map
D:\Freelance\Ventive\Code\CarsInventory\src\CarsInventory\scripts\app\app.routing.js
D:\Freelance\Ventive\Code\CarsInventory\src\CarsInventory\scripts\app\app.routing.js.map
D:\Freelance\Ventive\Code\CarsInventory\src\CarsInventory\scripts\app\app.module.js
D:\Freelance\Ventive\Code\CarsInventory\src\CarsInventory\scripts\app\app.module.js.map
D:\Freelance\Ventive\Code\CarsInventory\src\CarsInventory\scripts\app\boot.js
D:\Freelance\Ventive\Code\CarsInventory\src\CarsInventory\scripts\app\boot.js.map
D:\Freelance\Ventive\Code\CarsInventory\src\CarsInventory\wwwroot\js\ng2-search-filter\dist\src\ng2-filter.pipe.js
D:\Freelance\Ventive\Code\CarsInventory\src\CarsInventory\wwwroot\js\ng2-search-filter\dist\src\ng2-filter.pipe.js.map
D:\Freelance\Ventive\Code\CarsInventory\src\CarsInventory\wwwroot\js\ng2-search-filter\dist\src\ng2-filter.module.js
D:\Freelance\Ventive\Code\CarsInventory\src\CarsInventory\wwwroot\js\ng2-search-filter\dist\src\ng2-filter.module.js.map
D:\Freelance\Ventive\Code\CarsInventory\src\CarsInventory\wwwroot\js\ng2-search-filter\dist\index.js
D:\Freelance\Ventive\Code\CarsInventory\src\CarsInventory\wwwroot\js\ng2-search-filter\dist\index.js.map
D:\Freelance\Ventive\Code\CarsInventory\src\CarsInventory\scripts\app\viewmodels\car.js
D:\Freelance\Ventive\Code\CarsInventory\src\CarsInventory\scripts\app\viewmodels\car.js.map
D:\Freelance\Ventive\Code\CarsInventory\src\CarsInventory\scripts\app\viewmodels\user.js
D:\Freelance\Ventive\Code\CarsInventory\src\CarsInventory\scripts\app\viewmodels\user.js.map
D:\Freelance\Ventive\Code\CarsInventory\src\CarsInventory\scripts\app\services\app.service.js
D:\Freelance\Ventive\Code\CarsInventory\src\CarsInventory\scripts\app\services\app.service.js.map
D:\Freelance\Ventive\Code\CarsInventory\src\CarsInventory\scripts\app\app.component.js
D:\Freelance\Ventive\Code\CarsInventory\src\CarsInventory\scripts\app\app.component.js.map
D:\Freelance\Ventive\Code\CarsInventory\src\CarsInventory\scripts\app\components\search-filter.component.js
D:\Freelance\Ventive\Code\CarsInventory\src\CarsInventory\scripts\app\components\search-filter.component.js.map
D:\Freelance\Ventive\Code\CarsInventory\src\CarsInventory\scripts\app\components\car-list.component.js
D:\Freelance\Ventive\Code\CarsInventory\src\CarsInventory\scripts\app\components\car-list.component.js.map
D:\Freelance\Ventive\Code\CarsInventory\src\CarsInventory\scripts\app\components\car-add.component.js
D:\Freelance\Ventive\Code\CarsInventory\src\CarsInventory\scripts\app\components\car-add.component.js.map
D:\Freelance\Ventive\Code\CarsInventory\src\CarsInventory\scripts\app\components\car-edit.component.js
D:\Freelance\Ventive\Code\CarsInventory\src\CarsInventory\scripts\app\components\car-edit.component.js.map
D:\Freelance\Ventive\Code\CarsInventory\src\CarsInventory\scripts\app\components\login.component.js
D:\Freelance\Ventive\Code\CarsInventory\src\CarsInventory\scripts\app\components\login.component.js.map
D:\Freelance\Ventive\Code\CarsInventory\src\CarsInventory\scripts\app\components\registration.component.js
D:\Freelance\Ventive\Code\CarsInventory\src\CarsInventory\scripts\app\components\registration.component.js.map
D:\Freelance\Ventive\Code\CarsInventory\src\CarsInventory\scripts\app\app.routing.js
D:\Freelance\Ventive\Code\CarsInventory\src\CarsInventory\scripts\app\app.routing.js.map
D:\Freelance\Ventive\Code\CarsInventory\src\CarsInventory\scripts\app\app.module.js
D:\Freelance\Ventive\Code\CarsInventory\src\CarsInventory\scripts\app\app.module.js.map
D:\Freelance\Ventive\Code\CarsInventory\src\CarsInventory\scripts\app\boot.js
D:\Freelance\Ventive\Code\CarsInventory\src\CarsInventory\scripts\app\boot.js.map
D:\Freelance\Ventive\Code\CarsInventory\src\CarsInventory\wwwroot\js\ng2-search-filter\dist\src\ng2-filter.pipe.js
D:\Freelance\Ventive\Code\CarsInventory\src\CarsInventory\wwwroot\js\ng2-search-filter\dist\src\ng2-filter.pipe.js.map
D:\Freelance\Ventive\Code\CarsInventory\src\CarsInventory\wwwroot\js\ng2-search-filter\dist\src\ng2-filter.module.js
D:\Freelance\Ventive\Code\CarsInventory\src\CarsInventory\wwwroot\js\ng2-search-filter\dist\src\ng2-filter.module.js.map
D:\Freelance\Ventive\Code\CarsInventory\src\CarsInventory\wwwroot\js\ng2-search-filter\dist\index.js
D:\Freelance\Ventive\Code\CarsInventory\src\CarsInventory\wwwroot\js\ng2-search-filter\dist\index.js.map
D:\Freelance\Ventive\Code\CarsInventory\src\CarsInventory\scripts\app\viewmodels\car.js
D:\Freelance\Ventive\Code\CarsInventory\src\CarsInventory\scripts\app\viewmodels\car.js.map
D:\Freelance\Ventive\Code\CarsInventory\src\CarsInventory\scripts\app\viewmodels\user.js
D:\Freelance\Ventive\Code\CarsInventory\src\CarsInventory\scripts\app\viewmodels\user.js.map
D:\Freelance\Ventive\Code\CarsInventory\src\CarsInventory\scripts\app\services\app.service.js
D:\Freelance\Ventive\Code\CarsInventory\src\CarsInventory\scripts\app\services\app.service.js.map
D:\Freelance\Ventive\Code\CarsInventory\src\CarsInventory\scripts\app\app.component.js
D:\Freelance\Ventive\Code\CarsInventory\src\CarsInventory\scripts\app\app.component.js.map
D:\Freelance\Ventive\Code\CarsInventory\src\CarsInventory\scripts\app\components\search-filter.component.js
D:\Freelance\Ventive\Code\CarsInventory\src\CarsInventory\scripts\app\components\search-filter.component.js.map
D:\Freelance\Ventive\Code\CarsInventory\src\CarsInventory\scripts\app\components\car-list.component.js
D:\Freelance\Ventive\Code\CarsInventory\src\CarsInventory\scripts\app\components\car-list.component.js.map
D:\Freelance\Ventive\Code\CarsInventory\src\CarsInventory\scripts\app\components\car-add.component.js
D:\Freelance\Ventive\Code\CarsInventory\src\CarsInventory\scripts\app\components\car-add.component.js.map
D:\Freelance\Ventive\Code\CarsInventory\src\CarsInventory\scripts\app\components\car-edit.component.js
D:\Freelance\Ventive\Code\CarsInventory\src\CarsInventory\scripts\app\components\car-edit.component.js.map
D:\Freelance\Ventive\Code\CarsInventory\src\CarsInventory\scripts\app\components\login.component.js
D:\Freelance\Ventive\Code\CarsInventory\src\CarsInventory\scripts\app\components\login.component.js.map
D:\Freelance\Ventive\Code\CarsInventory\src\CarsInventory\scripts\app\components\registration.component.js
D:\Freelance\Ventive\Code\CarsInventory\src\CarsInventory\scripts\app\components\registration.component.js.map
D:\Freelance\Ventive\Code\CarsInventory\src\CarsInventory\scripts\app\app.routing.js
D:\Freelance\Ventive\Code\CarsInventory\src\CarsInventory\scripts\app\app.routing.js.map
D:\Freelance\Ventive\Code\CarsInventory\src\CarsInventory\scripts\app\app.module.js
D:\Freelance\Ventive\Code\CarsInventory\src\CarsInventory\scripts\app\app.module.js.map
D:\Freelance\Ventive\Code\CarsInventory\src\CarsInventory\scripts\app\boot.js
D:\Freelance\Ventive\Code\CarsInventory\src\CarsInventory\scripts\app\boot.js.map
D:\Freelance\Ventive\Code\CarsInventory\src\CarsInventory\wwwroot\js\ng2-search-filter\dist\src\ng2-filter.pipe.js
D:\Freelance\Ventive\Code\CarsInventory\src\CarsInventory\wwwroot\js\ng2-search-filter\dist\src\ng2-filter.pipe.js.map
D:\Freelance\Ventive\Code\CarsInventory\src\CarsInventory\wwwroot\js\ng2-search-filter\dist\src\ng2-filter.module.js
D:\Freelance\Ventive\Code\CarsInventory\src\CarsInventory\wwwroot\js\ng2-search-filter\dist\src\ng2-filter.module.js.map
D:\Freelance\Ventive\Code\CarsInventory\src\CarsInventory\wwwroot\js\ng2-search-filter\dist\index.js
D:\Freelance\Ventive\Code\CarsInventory\src\CarsInventory\wwwroot\js\ng2-search-filter\dist\index.js.map
D:\Freelance\Ventive\Code\CarsInventory\src\CarsInventory\scripts\app\viewmodels\car.js
D:\Freelance\Ventive\Code\CarsInventory\src\CarsInventory\scripts\app\viewmodels\car.js.map
D:\Freelance\Ventive\Code\CarsInventory\src\CarsInventory\scripts\app\viewmodels\user.js
D:\Freelance\Ventive\Code\CarsInventory\src\CarsInventory\scripts\app\viewmodels\user.js.map
D:\Freelance\Ventive\Code\CarsInventory\src\CarsInventory\scripts\app\services\app.service.js
D:\Freelance\Ventive\Code\CarsInventory\src\CarsInventory\scripts\app\services\app.service.js.map
D:\Freelance\Ventive\Code\CarsInventory\src\CarsInventory\scripts\app\app.component.js
D:\Freelance\Ventive\Code\CarsInventory\src\CarsInventory\scripts\app\app.component.js.map
D:\Freelance\Ventive\Code\CarsInventory\src\CarsInventory\scripts\app\components\search-filter.component.js
D:\Freelance\Ventive\Code\CarsInventory\src\CarsInventory\scripts\app\components\search-filter.component.js.map
D:\Freelance\Ventive\Code\CarsInventory\src\CarsInventory\scripts\app\components\car-list.component.js
D:\Freelance\Ventive\Code\CarsInventory\src\CarsInventory\scripts\app\components\car-list.component.js.map
D:\Freelance\Ventive\Code\CarsInventory\src\CarsInventory\scripts\app\components\car-add.component.js
D:\Freelance\Ventive\Code\CarsInventory\src\CarsInventory\scripts\app\components\car-add.component.js.map
D:\Freelance\Ventive\Code\CarsInventory\src\CarsInventory\scripts\app\components\car-edit.component.js
D:\Freelance\Ventive\Code\CarsInventory\src\CarsInventory\scripts\app\components\car-edit.component.js.map
D:\Freelance\Ventive\Code\CarsInventory\src\CarsInventory\scripts\app\components\login.component.js
D:\Freelance\Ventive\Code\CarsInventory\src\CarsInventory\scripts\app\components\login.component.js.map
D:\Freelance\Ventive\Code\CarsInventory\src\CarsInventory\scripts\app\components\registration.component.js
D:\Freelance\Ventive\Code\CarsInventory\src\CarsInventory\scripts\app\components\registration.component.js.map
D:\Freelance\Ventive\Code\CarsInventory\src\CarsInventory\scripts\app\app.routing.js
D:\Freelance\Ventive\Code\CarsInventory\src\CarsInventory\scripts\app\app.routing.js.map
D:\Freelance\Ventive\Code\CarsInventory\src\CarsInventory\scripts\app\app.module.js
D:\Freelance\Ventive\Code\CarsInventory\src\CarsInventory\scripts\app\app.module.js.map
D:\Freelance\Ventive\Code\CarsInventory\src\CarsInventory\scripts\app\boot.js
D:\Freelance\Ventive\Code\CarsInventory\src\CarsInventory\scripts\app\boot.js.map
D:\Freelance\Ventive\Code\CarsInventory\src\CarsInventory\wwwroot\js\ng2-search-filter\dist\src\ng2-filter.pipe.js
D:\Freelance\Ventive\Code\CarsInventory\src\CarsInventory\wwwroot\js\ng2-search-filter\dist\src\ng2-filter.pipe.js.map
D:\Freelance\Ventive\Code\CarsInventory\src\CarsInventory\wwwroot\js\ng2-search-filter\dist\src\ng2-filter.module.js
D:\Freelance\Ventive\Code\CarsInventory\src\CarsInventory\wwwroot\js\ng2-search-filter\dist\src\ng2-filter.module.js.map
D:\Freelance\Ventive\Code\CarsInventory\src\CarsInventory\wwwroot\js\ng2-search-filter\dist\index.js
D:\Freelance\Ventive\Code\CarsInventory\src\CarsInventory\wwwroot\js\ng2-search-filter\dist\index.js.map
D:\Freelance\Ventive\Code\CarsInventory\src\CarsInventory\scripts\app\viewmodels\car.js
D:\Freelance\Ventive\Code\CarsInventory\src\CarsInventory\scripts\app\viewmodels\car.js.map
D:\Freelance\Ventive\Code\CarsInventory\src\CarsInventory\scripts\app\viewmodels\user.js
D:\Freelance\Ventive\Code\CarsInventory\src\CarsInventory\scripts\app\viewmodels\user.js.map
D:\Freelance\Ventive\Code\CarsInventory\src\CarsInventory\scripts\app\services\app.service.js
D:\Freelance\Ventive\Code\CarsInventory\src\CarsInventory\scripts\app\services\app.service.js.map
D:\Freelance\Ventive\Code\CarsInventory\src\CarsInventory\scripts\app\app.component.js
D:\Freelance\Ventive\Code\CarsInventory\src\CarsInventory\scripts\app\app.component.js.map
D:\Freelance\Ventive\Code\CarsInventory\src\CarsInventory\scripts\app\components\search-filter.component.js
D:\Freelance\Ventive\Code\CarsInventory\src\CarsInventory\scripts\app\components\search-filter.component.js.map
D:\Freelance\Ventive\Code\CarsInventory\src\CarsInventory\scripts\app\components\car-list.component.js
D:\Freelance\Ventive\Code\CarsInventory\src\CarsInventory\scripts\app\components\car-list.component.js.map
D:\Freelance\Ventive\Code\CarsInventory\src\CarsInventory\scripts\app\components\car-add.component.js
D:\Freelance\Ventive\Code\CarsInventory\src\CarsInventory\scripts\app\components\car-add.component.js.map
D:\Freelance\Ventive\Code\CarsInventory\src\CarsInventory\scripts\app\components\car-edit.component.js
D:\Freelance\Ventive\Code\CarsInventory\src\CarsInventory\scripts\app\components\car-edit.component.js.map
D:\Freelance\Ventive\Code\CarsInventory\src\CarsInventory\scripts\app\components\login.component.js
D:\Freelance\Ventive\Code\CarsInventory\src\CarsInventory\scripts\app\components\login.component.js.map
D:\Freelance\Ventive\Code\CarsInventory\src\CarsInventory\scripts\app\components\registration.component.js
D:\Freelance\Ventive\Code\CarsInventory\src\CarsInventory\scripts\app\components\registration.component.js.map
D:\Freelance\Ventive\Code\CarsInventory\src\CarsInventory\scripts\app\app.routing.js
D:\Freelance\Ventive\Code\CarsInventory\src\CarsInventory\scripts\app\app.routing.js.map
D:\Freelance\Ventive\Code\CarsInventory\src\CarsInventory\scripts\app\app.module.js
D:\Freelance\Ventive\Code\CarsInventory\src\CarsInventory\scripts\app\app.module.js.map
D:\Freelance\Ventive\Code\CarsInventory\src\CarsInventory\scripts\app\boot.js
D:\Freelance\Ventive\Code\CarsInventory\src\CarsInventory\scripts\app\boot.js.map
D:\Freelance\Ventive\Code\CarsInventory\src\CarsInventory\wwwroot\js\ng2-search-filter\dist\src\ng2-filter.pipe.js
D:\Freelance\Ventive\Code\CarsInventory\src\CarsInventory\wwwroot\js\ng2-search-filter\dist\src\ng2-filter.pipe.js.map
D:\Freelance\Ventive\Code\CarsInventory\src\CarsInventory\wwwroot\js\ng2-search-filter\dist\src\ng2-filter.module.js
D:\Freelance\Ventive\Code\CarsInventory\src\CarsInventory\wwwroot\js\ng2-search-filter\dist\src\ng2-filter.module.js.map
D:\Freelance\Ventive\Code\CarsInventory\src\CarsInventory\wwwroot\js\ng2-search-filter\dist\index.js
D:\Freelance\Ventive\Code\CarsInventory\src\CarsInventory\wwwroot\js\ng2-search-filter\dist\index.js.map
D:\Freelance\Ventive\Code\CarsInventory\src\CarsInventory\scripts\app\viewmodels\car.js
D:\Freelance\Ventive\Code\CarsInventory\src\CarsInventory\scripts\app\viewmodels\car.js.map
D:\Freelance\Ventive\Code\CarsInventory\src\CarsInventory\scripts\app\viewmodels\user.js
D:\Freelance\Ventive\Code\CarsInventory\src\CarsInventory\scripts\app\viewmodels\user.js.map
D:\Freelance\Ventive\Code\CarsInventory\src\CarsInventory\scripts\app\services\app.service.js
D:\Freelance\Ventive\Code\CarsInventory\src\CarsInventory\scripts\app\services\app.service.js.map
D:\Freelance\Ventive\Code\CarsInventory\src\CarsInventory\scripts\app\app.component.js
D:\Freelance\Ventive\Code\CarsInventory\src\CarsInventory\scripts\app\app.component.js.map
D:\Freelance\Ventive\Code\CarsInventory\src\CarsInventory\scripts\app\components\search-filter.component.js
D:\Freelance\Ventive\Code\CarsInventory\src\CarsInventory\scripts\app\components\search-filter.component.js.map
D:\Freelance\Ventive\Code\CarsInventory\src\CarsInventory\scripts\app\components\car-list.component.js
D:\Freelance\Ventive\Code\CarsInventory\src\CarsInventory\scripts\app\components\car-list.component.js.map
D:\Freelance\Ventive\Code\CarsInventory\src\CarsInventory\scripts\app\components\car-add.component.js
D:\Freelance\Ventive\Code\CarsInventory\src\CarsInventory\scripts\app\components\car-add.component.js.map
D:\Freelance\Ventive\Code\CarsInventory\src\CarsInventory\scripts\app\components\car-edit.component.js
D:\Freelance\Ventive\Code\CarsInventory\src\CarsInventory\scripts\app\components\car-edit.component.js.map
D:\Freelance\Ventive\Code\CarsInventory\src\CarsInventory\scripts\app\components\login.component.js
D:\Freelance\Ventive\Code\CarsInventory\src\CarsInventory\scripts\app\components\login.component.js.map
D:\Freelance\Ventive\Code\CarsInventory\src\CarsInventory\scripts\app\components\registration.component.js
D:\Freelance\Ventive\Code\CarsInventory\src\CarsInventory\scripts\app\components\registration.component.js.map
D:\Freelance\Ventive\Code\CarsInventory\src\CarsInventory\scripts\app\app.routing.js
D:\Freelance\Ventive\Code\CarsInventory\src\CarsInventory\scripts\app\app.routing.js.map
D:\Freelance\Ventive\Code\CarsInventory\src\CarsInventory\scripts\app\app.module.js
D:\Freelance\Ventive\Code\CarsInventory\src\CarsInventory\scripts\app\app.module.js.map
D:\Freelance\Ventive\Code\CarsInventory\src\CarsInventory\scripts\app\boot.js
D:\Freelance\Ventive\Code\CarsInventory\src\CarsInventory\scripts\app\boot.js.map
D:\Freelance\Ventive\Code\CarsInventory\src\CarsInventory\wwwroot\js\ng2-search-filter\dist\src\ng2-filter.pipe.js
D:\Freelance\Ventive\Code\CarsInventory\src\CarsInventory\wwwroot\js\ng2-search-filter\dist\src\ng2-filter.pipe.js.map
D:\Freelance\Ventive\Code\CarsInventory\src\CarsInventory\wwwroot\js\ng2-search-filter\dist\src\ng2-filter.module.js
D:\Freelance\Ventive\Code\CarsInventory\src\CarsInventory\wwwroot\js\ng2-search-filter\dist\src\ng2-filter.module.js.map
D:\Freelance\Ventive\Code\CarsInventory\src\CarsInventory\wwwroot\js\ng2-search-filter\dist\index.js
D:\Freelance\Ventive\Code\CarsInventory\src\CarsInventory\wwwroot\js\ng2-search-filter\dist\index.js.map
D:\Freelance\Ventive\Code\CarsInventory\src\CarsInventory\scripts\app\viewmodels\car.js
D:\Freelance\Ventive\Code\CarsInventory\src\CarsInventory\scripts\app\viewmodels\car.js.map
D:\Freelance\Ventive\Code\CarsInventory\src\CarsInventory\scripts\app\viewmodels\user.js
D:\Freelance\Ventive\Code\CarsInventory\src\CarsInventory\scripts\app\viewmodels\user.js.map
D:\Freelance\Ventive\Code\CarsInventory\src\CarsInventory\scripts\app\services\app.service.js
D:\Freelance\Ventive\Code\CarsInventory\src\CarsInventory\scripts\app\services\app.service.js.map
D:\Freelance\Ventive\Code\CarsInventory\src\CarsInventory\scripts\app\app.component.js
D:\Freelance\Ventive\Code\CarsInventory\src\CarsInventory\scripts\app\app.component.js.map
D:\Freelance\Ventive\Code\CarsInventory\src\CarsInventory\scripts\app\components\search-filter.component.js
D:\Freelance\Ventive\Code\CarsInventory\src\CarsInventory\scripts\app\components\search-filter.component.js.map
D:\Freelance\Ventive\Code\CarsInventory\src\CarsInventory\scripts\app\components\car-list.component.js
D:\Freelance\Ventive\Code\CarsInventory\src\CarsInventory\scripts\app\components\car-list.component.js.map
D:\Freelance\Ventive\Code\CarsInventory\src\CarsInventory\scripts\app\components\car-add.component.js
D:\Freelance\Ventive\Code\CarsInventory\src\CarsInventory\scripts\app\components\car-add.component.js.map
D:\Freelance\Ventive\Code\CarsInventory\src\CarsInventory\scripts\app\components\car-edit.component.js
D:\Freelance\Ventive\Code\CarsInventory\src\CarsInventory\scripts\app\components\car-edit.component.js.map
D:\Freelance\Ventive\Code\CarsInventory\src\CarsInventory\scripts\app\components\login.component.js
D:\Freelance\Ventive\Code\CarsInventory\src\CarsInventory\scripts\app\components\login.component.js.map
D:\Freelance\Ventive\Code\CarsInventory\src\CarsInventory\scripts\app\components\registration.component.js
D:\Freelance\Ventive\Code\CarsInventory\src\CarsInventory\scripts\app\components\registration.component.js.map
D:\Freelance\Ventive\Code\CarsInventory\src\CarsInventory\scripts\app\app.routing.js
D:\Freelance\Ventive\Code\CarsInventory\src\CarsInventory\scripts\app\app.routing.js.map
D:\Freelance\Ventive\Code\CarsInventory\src\CarsInventory\scripts\app\app.module.js
D:\Freelance\Ventive\Code\CarsInventory\src\CarsInventory\scripts\app\app.module.js.map
D:\Freelance\Ventive\Code\CarsInventory\src\CarsInventory\scripts\app\boot.js
D:\Freelance\Ventive\Code\CarsInventory\src\CarsInventory\scripts\app\boot.js.map
D:\Freelance\Ventive\Code\CarsInventory\src\CarsInventory\wwwroot\js\ng2-search-filter\dist\src\ng2-filter.pipe.js
D:\Freelance\Ventive\Code\CarsInventory\src\CarsInventory\wwwroot\js\ng2-search-filter\dist\src\ng2-filter.pipe.js.map
D:\Freelance\Ventive\Code\CarsInventory\src\CarsInventory\wwwroot\js\ng2-search-filter\dist\src\ng2-filter.module.js
D:\Freelance\Ventive\Code\CarsInventory\src\CarsInventory\wwwroot\js\ng2-search-filter\dist\src\ng2-filter.module.js.map
D:\Freelance\Ventive\Code\CarsInventory\src\CarsInventory\wwwroot\js\ng2-search-filter\dist\index.js
D:\Freelance\Ventive\Code\CarsInventory\src\CarsInventory\wwwroot\js\ng2-search-filter\dist\index.js.map
D:\Freelance\Ventive\Code\CarsInventory\src\CarsInventory\scripts\app\viewmodels\car.js
D:\Freelance\Ventive\Code\CarsInventory\src\CarsInventory\scripts\app\viewmodels\car.js.map
D:\Freelance\Ventive\Code\CarsInventory\src\CarsInventory\scripts\app\viewmodels\user.js
D:\Freelance\Ventive\Code\CarsInventory\src\CarsInventory\scripts\app\viewmodels\user.js.map
D:\Freelance\Ventive\Code\CarsInventory\src\CarsInventory\scripts\app\services\app.service.js
D:\Freelance\Ventive\Code\CarsInventory\src\CarsInventory\scripts\app\services\app.service.js.map
D:\Freelance\Ventive\Code\CarsInventory\src\CarsInventory\scripts\app\app.component.js
D:\Freelance\Ventive\Code\CarsInventory\src\CarsInventory\scripts\app\app.component.js.map
D:\Freelance\Ventive\Code\CarsInventory\src\CarsInventory\scripts\app\components\search-filter.component.js
D:\Freelance\Ventive\Code\CarsInventory\src\CarsInventory\scripts\app\components\search-filter.component.js.map
D:\Freelance\Ventive\Code\CarsInventory\src\CarsInventory\scripts\app\components\car-list.component.js
D:\Freelance\Ventive\Code\CarsInventory\src\CarsInventory\scripts\app\components\car-list.component.js.map
D:\Freelance\Ventive\Code\CarsInventory\src\CarsInventory\scripts\app\components\car-add.component.js
D:\Freelance\Ventive\Code\CarsInventory\src\CarsInventory\scripts\app\components\car-add.component.js.map
D:\Freelance\Ventive\Code\CarsInventory\src\CarsInventory\scripts\app\components\car-edit.component.js
D:\Freelance\Ventive\Code\CarsInventory\src\CarsInventory\scripts\app\components\car-edit.component.js.map
D:\Freelance\Ventive\Code\CarsInventory\src\CarsInventory\scripts\app\components\login.component.js
D:\Freelance\Ventive\Code\CarsInventory\src\CarsInventory\scripts\app\components\login.component.js.map
D:\Freelance\Ventive\Code\CarsInventory\src\CarsInventory\scripts\app\components\registration.component.js
D:\Freelance\Ventive\Code\CarsInventory\src\CarsInventory\scripts\app\components\registration.component.js.map
D:\Freelance\Ventive\Code\CarsInventory\src\CarsInventory\scripts\app\app.routing.js
D:\Freelance\Ventive\Code\CarsInventory\src\CarsInventory\scripts\app\app.routing.js.map
D:\Freelance\Ventive\Code\CarsInventory\src\CarsInventory\scripts\app\app.module.js
D:\Freelance\Ventive\Code\CarsInventory\src\CarsInventory\scripts\app\app.module.js.map
D:\Freelance\Ventive\Code\CarsInventory\src\CarsInventory\scripts\app\boot.js
D:\Freelance\Ventive\Code\CarsInventory\src\CarsInventory\scripts\app\boot.js.map
D:\Freelance\Ventive\Code\CarsInventory\src\CarsInventory\wwwroot\js\ng2-search-filter\dist\src\ng2-filter.pipe.js
D:\Freelance\Ventive\Code\CarsInventory\src\CarsInventory\wwwroot\js\ng2-search-filter\dist\src\ng2-filter.pipe.js.map
D:\Freelance\Ventive\Code\CarsInventory\src\CarsInventory\wwwroot\js\ng2-search-filter\dist\src\ng2-filter.module.js
D:\Freelance\Ventive\Code\CarsInventory\src\CarsInventory\wwwroot\js\ng2-search-filter\dist\src\ng2-filter.module.js.map
D:\Freelance\Ventive\Code\CarsInventory\src\CarsInventory\wwwroot\js\ng2-search-filter\dist\index.js
D:\Freelance\Ventive\Code\CarsInventory\src\CarsInventory\wwwroot\js\ng2-search-filter\dist\index.js.map
D:\Freelance\Ventive\Code\CarsInventory\src\CarsInventory\scripts\app\viewmodels\car.js
D:\Freelance\Ventive\Code\CarsInventory\src\CarsInventory\scripts\app\viewmodels\car.js.map
D:\Freelance\Ventive\Code\CarsInventory\src\CarsInventory\scripts\app\viewmodels\user.js
D:\Freelance\Ventive\Code\CarsInventory\src\CarsInventory\scripts\app\viewmodels\user.js.map
D:\Freelance\Ventive\Code\CarsInventory\src\CarsInventory\scripts\app\services\app.service.js
D:\Freelance\Ventive\Code\CarsInventory\src\CarsInventory\scripts\app\services\app.service.js.map
D:\Freelance\Ventive\Code\CarsInventory\src\CarsInventory\scripts\app\app.component.js
D:\Freelance\Ventive\Code\CarsInventory\src\CarsInventory\scripts\app\app.component.js.map
D:\Freelance\Ventive\Code\CarsInventory\src\CarsInventory\scripts\app\components\search-filter.component.js
D:\Freelance\Ventive\Code\CarsInventory\src\CarsInventory\scripts\app\components\search-filter.component.js.map
D:\Freelance\Ventive\Code\CarsInventory\src\CarsInventory\scripts\app\components\car-list.component.js
D:\Freelance\Ventive\Code\CarsInventory\src\CarsInventory\scripts\app\components\car-list.component.js.map
D:\Freelance\Ventive\Code\CarsInventory\src\CarsInventory\scripts\app\components\car-add.component.js
D:\Freelance\Ventive\Code\CarsInventory\src\CarsInventory\scripts\app\components\car-add.component.js.map
D:\Freelance\Ventive\Code\CarsInventory\src\CarsInventory\scripts\app\components\car-edit.component.js
D:\Freelance\Ventive\Code\CarsInventory\src\CarsInventory\scripts\app\components\car-edit.component.js.map
D:\Freelance\Ventive\Code\CarsInventory\src\CarsInventory\scripts\app\components\login.component.js
D:\Freelance\Ventive\Code\CarsInventory\src\CarsInventory\scripts\app\components\login.component.js.map
D:\Freelance\Ventive\Code\CarsInventory\src\CarsInventory\scripts\app\components\registration.component.js
D:\Freelance\Ventive\Code\CarsInventory\src\CarsInventory\scripts\app\components\registration.component.js.map
D:\Freelance\Ventive\Code\CarsInventory\src\CarsInventory\scripts\app\app.routing.js
D:\Freelance\Ventive\Code\CarsInventory\src\CarsInventory\scripts\app\app.routing.js.map
D:\Freelance\Ventive\Code\CarsInventory\src\CarsInventory\scripts\app\app.module.js
D:\Freelance\Ventive\Code\CarsInventory\src\CarsInventory\scripts\app\app.module.js.map
D:\Freelance\Ventive\Code\CarsInventory\src\CarsInventory\scripts\app\boot.js
D:\Freelance\Ventive\Code\CarsInventory\src\CarsInventory\scripts\app\boot.js.map
D:\Freelance\Ventive\Code\CarsInventory\src\CarsInventory\wwwroot\js\ng2-search-filter\dist\src\ng2-filter.pipe.js
D:\Freelance\Ventive\Code\CarsInventory\src\CarsInventory\wwwroot\js\ng2-search-filter\dist\src\ng2-filter.pipe.js.map
D:\Freelance\Ventive\Code\CarsInventory\src\CarsInventory\wwwroot\js\ng2-search-filter\dist\src\ng2-filter.module.js
D:\Freelance\Ventive\Code\CarsInventory\src\CarsInventory\wwwroot\js\ng2-search-filter\dist\src\ng2-filter.module.js.map
D:\Freelance\Ventive\Code\CarsInventory\src\CarsInventory\wwwroot\js\ng2-search-filter\dist\index.js
D:\Freelance\Ventive\Code\CarsInventory\src\CarsInventory\wwwroot\js\ng2-search-filter\dist\index.js.map
D:\Freelance\Ventive\Code\CarsInventory\src\CarsInventory\scripts\app\viewmodels\car.js
D:\Freelance\Ventive\Code\CarsInventory\src\CarsInventory\scripts\app\viewmodels\car.js.map
D:\Freelance\Ventive\Code\CarsInventory\src\CarsInventory\scripts\app\viewmodels\user.js
D:\Freelance\Ventive\Code\CarsInventory\src\CarsInventory\scripts\app\viewmodels\user.js.map
D:\Freelance\Ventive\Code\CarsInventory\src\CarsInventory\scripts\app\services\app.service.js
D:\Freelance\Ventive\Code\CarsInventory\src\CarsInventory\scripts\app\services\app.service.js.map
D:\Freelance\Ventive\Code\CarsInventory\src\CarsInventory\scripts\app\app.component.js
D:\Freelance\Ventive\Code\CarsInventory\src\CarsInventory\scripts\app\app.component.js.map
D:\Freelance\Ventive\Code\CarsInventory\src\CarsInventory\scripts\app\components\search-filter.component.js
D:\Freelance\Ventive\Code\CarsInventory\src\CarsInventory\scripts\app\components\search-filter.component.js.map
D:\Freelance\Ventive\Code\CarsInventory\src\CarsInventory\scripts\app\components\car-list.component.js
D:\Freelance\Ventive\Code\CarsInventory\src\CarsInventory\scripts\app\components\car-list.component.js.map
D:\Freelance\Ventive\Code\CarsInventory\src\CarsInventory\scripts\app\components\car-add.component.js
D:\Freelance\Ventive\Code\CarsInventory\src\CarsInventory\scripts\app\components\car-add.component.js.map
D:\Freelance\Ventive\Code\CarsInventory\src\CarsInventory\scripts\app\components\car-edit.component.js
D:\Freelance\Ventive\Code\CarsInventory\src\CarsInventory\scripts\app\components\car-edit.component.js.map
D:\Freelance\Ventive\Code\CarsInventory\src\CarsInventory\scripts\app\components\login.component.js
D:\Freelance\Ventive\Code\CarsInventory\src\CarsInventory\scripts\app\components\login.component.js.map
D:\Freelance\Ventive\Code\CarsInventory\src\CarsInventory\scripts\app\components\registration.component.js
D:\Freelance\Ventive\Code\CarsInventory\src\CarsInventory\scripts\app\components\registration.component.js.map
D:\Freelance\Ventive\Code\CarsInventory\src\CarsInventory\scripts\app\app.routing.js
D:\Freelance\Ventive\Code\CarsInventory\src\CarsInventory\scripts\app\app.routing.js.map
D:\Freelance\Ventive\Code\CarsInventory\src\CarsInventory\scripts\app\app.module.js
D:\Freelance\Ventive\Code\CarsInventory\src\CarsInventory\scripts\app\app.module.js.map
D:\Freelance\Ventive\Code\CarsInventory\src\CarsInventory\scripts\app\boot.js
D:\Freelance\Ventive\Code\CarsInventory\src\CarsInventory\scripts\app\boot.js.map
D:\Freelance\Ventive\Code\CarsInventory\src\CarsInventory\wwwroot\js\ng2-search-filter\dist\src\ng2-filter.pipe.js
D:\Freelance\Ventive\Code\CarsInventory\src\CarsInventory\wwwroot\js\ng2-search-filter\dist\src\ng2-filter.pipe.js.map
D:\Freelance\Ventive\Code\CarsInventory\src\CarsInventory\wwwroot\js\ng2-search-filter\dist\src\ng2-filter.module.js
D:\Freelance\Ventive\Code\CarsInventory\src\CarsInventory\wwwroot\js\ng2-search-filter\dist\src\ng2-filter.module.js.map
D:\Freelance\Ventive\Code\CarsInventory\src\CarsInventory\wwwroot\js\ng2-search-filter\dist\index.js
D:\Freelance\Ventive\Code\CarsInventory\src\CarsInventory\wwwroot\js\ng2-search-filter\dist\index.js.map
D:\Freelance\Ventive\Code\CarsInventory\src\CarsInventory\scripts\app\viewmodels\car.js
D:\Freelance\Ventive\Code\CarsInventory\src\CarsInventory\scripts\app\viewmodels\car.js.map
D:\Freelance\Ventive\Code\CarsInventory\src\CarsInventory\scripts\app\viewmodels\user.js
D:\Freelance\Ventive\Code\CarsInventory\src\CarsInventory\scripts\app\viewmodels\user.js.map
D:\Freelance\Ventive\Code\CarsInventory\src\CarsInventory\scripts\app\services\app.service.js
D:\Freelance\Ventive\Code\CarsInventory\src\CarsInventory\scripts\app\services\app.service.js.map
D:\Freelance\Ventive\Code\CarsInventory\src\CarsInventory\scripts\app\app.component.js
D:\Freelance\Ventive\Code\CarsInventory\src\CarsInventory\scripts\app\app.component.js.map
D:\Freelance\Ventive\Code\CarsInventory\src\CarsInventory\scripts\app\components\search-filter.component.js
D:\Freelance\Ventive\Code\CarsInventory\src\CarsInventory\scripts\app\components\search-filter.component.js.map
D:\Freelance\Ventive\Code\CarsInventory\src\CarsInventory\scripts\app\components\car-list.component.js
D:\Freelance\Ventive\Code\CarsInventory\src\CarsInventory\scripts\app\components\car-list.component.js.map
D:\Freelance\Ventive\Code\CarsInventory\src\CarsInventory\scripts\app\components\car-add.component.js
D:\Freelance\Ventive\Code\CarsInventory\src\CarsInventory\scripts\app\components\car-add.component.js.map
D:\Freelance\Ventive\Code\CarsInventory\src\CarsInventory\scripts\app\components\car-edit.component.js
D:\Freelance\Ventive\Code\CarsInventory\src\CarsInventory\scripts\app\components\car-edit.component.js.map
D:\Freelance\Ventive\Code\CarsInventory\src\CarsInventory\scripts\app\components\login.component.js
D:\Freelance\Ventive\Code\CarsInventory\src\CarsInventory\scripts\app\components\login.component.js.map
D:\Freelance\Ventive\Code\CarsInventory\src\CarsInventory\scripts\app\components\registration.component.js
D:\Freelance\Ventive\Code\CarsInventory\src\CarsInventory\scripts\app\components\registration.component.js.map
D:\Freelance\Ventive\Code\CarsInventory\src\CarsInventory\scripts\app\app.routing.js
D:\Freelance\Ventive\Code\CarsInventory\src\CarsInventory\scripts\app\app.routing.js.map
D:\Freelance\Ventive\Code\CarsInventory\src\CarsInventory\scripts\app\app.module.js
D:\Freelance\Ventive\Code\CarsInventory\src\CarsInventory\scripts\app\app.module.js.map
D:\Freelance\Ventive\Code\CarsInventory\src\CarsInventory\scripts\app\boot.js
D:\Freelance\Ventive\Code\CarsInventory\src\CarsInventory\scripts\app\boot.js.map
D:\Freelance\Ventive\Code\CarsInventory\src\CarsInventory\wwwroot\js\ng2-search-filter\dist\src\ng2-filter.pipe.js
D:\Freelance\Ventive\Code\CarsInventory\src\CarsInventory\wwwroot\js\ng2-search-filter\dist\src\ng2-filter.pipe.js.map
D:\Freelance\Ventive\Code\CarsInventory\src\CarsInventory\wwwroot\js\ng2-search-filter\dist\src\ng2-filter.module.js
D:\Freelance\Ventive\Code\CarsInventory\src\CarsInventory\wwwroot\js\ng2-search-filter\dist\src\ng2-filter.module.js.map
D:\Freelance\Ventive\Code\CarsInventory\src\CarsInventory\wwwroot\js\ng2-search-filter\dist\index.js
D:\Freelance\Ventive\Code\CarsInventory\src\CarsInventory\wwwroot\js\ng2-search-filter\dist\index.js.map
